0000              1   ;--------------------------------------------------------
0000              2   ; File Created by C51
0000              3   ; Version 1.0.0 #1069 (Apr 23 2015) (MSVC)
0000              4   ; This file was generated Fri Mar 30 17:02:46 2018
0000              5   ;--------------------------------------------------------
                  5   $name square
                  6   $optc51 --model-small
0000              8            R_DSEG    segment data
0000              9            R_CSEG    segment code
0000             10            R_BSEG    segment bit
0000             11            R_XSEG    segment xdata
0000             12            R_PSEG    segment xdata
0000             13            R_ISEG    segment idata
0000             14            R_OSEG    segment data overlay
0000             15            BIT_BANK  segment data overlay
0000             16            R_HOME    segment code
0000             17            R_GSINIT  segment code
0000             18            R_IXSEG   segment xdata
0000             19            R_CONST   segment code
0000             20            R_XINIT   segment code
0000             21            R_DINIT   segment code
0000             22   
0000             23   ;--------------------------------------------------------
0000             24   ; Public variables in this module
0000             25   ;--------------------------------------------------------
0000             26            public _main
0000             27            public _PWMRight
0000             28            public _PWMLeft
0000             29            public _PWMback
0000             30            public _PWMStraight
0000             31            public _Timer2_ISR
0000             32            public __c51_external_startup
0000             33            public _pwmSig4
0000             34            public _pwmSig3
0000             35            public _pwmSig2
0000             36            public _pwmSig1
0000             37            public _pwm_count1
0000             38            public _pwm_count
0000             39   ;--------------------------------------------------------
0000             40   ; Special Function Registers
0000             41   ;--------------------------------------------------------
0000             42   _ACC            DATA 0xe0
0000             43   _ADC0ASAH       DATA 0xb6
0000             44   _ADC0ASAL       DATA 0xb5
0000             45   _ADC0ASCF       DATA 0xa1
0000             46   _ADC0ASCT       DATA 0xc7
0000             47   _ADC0CF0        DATA 0xbc
0000             48   _ADC0CF1        DATA 0xb9
0000             49   _ADC0CF2        DATA 0xdf
0000             50   _ADC0CN0        DATA 0xe8
0000             51   _ADC0CN1        DATA 0xb2
0000             52   _ADC0CN2        DATA 0xb3
0000             53   _ADC0GTH        DATA 0xc4
0000             54   _ADC0GTL        DATA 0xc3
0000             55   _ADC0H          DATA 0xbe
0000             56   _ADC0L          DATA 0xbd
0000             57   _ADC0LTH        DATA 0xc6
0000             58   _ADC0LTL        DATA 0xc5
0000             59   _ADC0MX         DATA 0xbb
0000             60   _B              DATA 0xf0
0000             61   _CKCON0         DATA 0x8e
0000             62   _CKCON1         DATA 0xa6
0000             63   _CLEN0          DATA 0xc6
0000             64   _CLIE0          DATA 0xc7
0000             65   _CLIF0          DATA 0xe8
0000             66   _CLKSEL         DATA 0xa9
0000             67   _CLOUT0         DATA 0xd1
0000             68   _CLU0CF         DATA 0xb1
0000             69   _CLU0FN         DATA 0xaf
0000             70   _CLU0MX         DATA 0x84
0000             71   _CLU1CF         DATA 0xb3
0000             72   _CLU1FN         DATA 0xb2
0000             73   _CLU1MX         DATA 0x85
0000             74   _CLU2CF         DATA 0xb6
0000             75   _CLU2FN         DATA 0xb5
0000             76   _CLU2MX         DATA 0x91
0000             77   _CLU3CF         DATA 0xbf
0000             78   _CLU3FN         DATA 0xbe
0000             79   _CLU3MX         DATA 0xae
0000             80   _CMP0CN0        DATA 0x9b
0000             81   _CMP0CN1        DATA 0x99
0000             82   _CMP0MD         DATA 0x9d
0000             83   _CMP0MX         DATA 0x9f
0000             84   _CMP1CN0        DATA 0xbf
0000             85   _CMP1CN1        DATA 0xac
0000             86   _CMP1MD         DATA 0xab
0000             87   _CMP1MX         DATA 0xaa
0000             88   _CRC0CN0        DATA 0xce
0000             89   _CRC0CN1        DATA 0x86
0000             90   _CRC0CNT        DATA 0xd3
0000             91   _CRC0DAT        DATA 0xcb
0000             92   _CRC0FLIP       DATA 0xcf
0000             93   _CRC0IN         DATA 0xca
0000             94   _CRC0ST         DATA 0xd2
0000             95   _DAC0CF0        DATA 0x91
0000             96   _DAC0CF1        DATA 0x92
0000             97   _DAC0H          DATA 0x85
0000             98   _DAC0L          DATA 0x84
0000             99   _DAC1CF0        DATA 0x93
0000            100   _DAC1CF1        DATA 0x94
0000            101   _DAC1H          DATA 0x8a
0000            102   _DAC1L          DATA 0x89
0000            103   _DAC2CF0        DATA 0x95
0000            104   _DAC2CF1        DATA 0x96
0000            105   _DAC2H          DATA 0x8c
0000            106   _DAC2L          DATA 0x8b
0000            107   _DAC3CF0        DATA 0x9a
0000            108   _DAC3CF1        DATA 0x9c
0000            109   _DAC3H          DATA 0x8e
0000            110   _DAC3L          DATA 0x8d
0000            111   _DACGCF0        DATA 0x88
0000            112   _DACGCF1        DATA 0x98
0000            113   _DACGCF2        DATA 0xa2
0000            114   _DERIVID        DATA 0xad
0000            115   _DEVICEID       DATA 0xb5
0000            116   _DPH            DATA 0x83
0000            117   _DPL            DATA 0x82
0000            118   _EIE1           DATA 0xe6
0000            119   _EIE2           DATA 0xf3
0000            120   _EIP1           DATA 0xbb
0000            121   _EIP1H          DATA 0xee
0000            122   _EIP2           DATA 0xed
0000            123   _EIP2H          DATA 0xf6
0000            124   _EMI0CN         DATA 0xe7
0000            125   _FLKEY          DATA 0xb7
0000            126   _HFO0CAL        DATA 0xc7
0000            127   _HFO1CAL        DATA 0xd6
0000            128   _HFOCN          DATA 0xef
0000            129   _I2C0ADM        DATA 0xff
0000            130   _I2C0CN0        DATA 0xba
0000            131   _I2C0DIN        DATA 0xbc
0000            132   _I2C0DOUT       DATA 0xbb
0000            133   _I2C0FCN0       DATA 0xad
0000            134   _I2C0FCN1       DATA 0xab
0000            135   _I2C0FCT        DATA 0xf5
0000            136   _I2C0SLAD       DATA 0xbd
0000            137   _I2C0STAT       DATA 0xb9
0000            138   _IE             DATA 0xa8
0000            139   _IP             DATA 0xb8
0000            140   _IPH            DATA 0xf2
0000            141   _IT01CF         DATA 0xe4
0000            142   _LFO0CN         DATA 0xb1
0000            143   _P0             DATA 0x80
0000            144   _P0MASK         DATA 0xfe
0000            145   _P0MAT          DATA 0xfd
0000            146   _P0MDIN         DATA 0xf1
0000            147   _P0MDOUT        DATA 0xa4
0000            148   _P0SKIP         DATA 0xd4
0000            149   _P1             DATA 0x90
0000            150   _P1MASK         DATA 0xee
0000            151   _P1MAT          DATA 0xed
0000            152   _P1MDIN         DATA 0xf2
0000            153   _P1MDOUT        DATA 0xa5
0000            154   _P1SKIP         DATA 0xd5
0000            155   _P2             DATA 0xa0
0000            156   _P2MASK         DATA 0xfc
0000            157   _P2MAT          DATA 0xfb
0000            158   _P2MDIN         DATA 0xf3
0000            159   _P2MDOUT        DATA 0xa6
0000            160   _P2SKIP         DATA 0xcc
0000            161   _P3             DATA 0xb0
0000            162   _P3MDIN         DATA 0xf4
0000            163   _P3MDOUT        DATA 0x9c
0000            164   _PCA0CENT       DATA 0x9e
0000            165   _PCA0CLR        DATA 0x9c
0000            166   _PCA0CN0        DATA 0xd8
0000            167   _PCA0CPH0       DATA 0xfc
0000            168   _PCA0CPH1       DATA 0xea
0000            169   _PCA0CPH2       DATA 0xec
0000            170   _PCA0CPH3       DATA 0xf5
0000            171   _PCA0CPH4       DATA 0x85
0000            172   _PCA0CPH5       DATA 0xde
0000            173   _PCA0CPL0       DATA 0xfb
0000            174   _PCA0CPL1       DATA 0xe9
0000            175   _PCA0CPL2       DATA 0xeb
0000            176   _PCA0CPL3       DATA 0xf4
0000            177   _PCA0CPL4       DATA 0x84
0000            178   _PCA0CPL5       DATA 0xdd
0000            179   _PCA0CPM0       DATA 0xda
0000            180   _PCA0CPM1       DATA 0xdb
0000            181   _PCA0CPM2       DATA 0xdc
0000            182   _PCA0CPM3       DATA 0xae
0000            183   _PCA0CPM4       DATA 0xaf
0000            184   _PCA0CPM5       DATA 0xcc
0000            185   _PCA0H          DATA 0xfa
0000            186   _PCA0L          DATA 0xf9
0000            187   _PCA0MD         DATA 0xd9
0000            188   _PCA0POL        DATA 0x96
0000            189   _PCA0PWM        DATA 0xf7
0000            190   _PCON0          DATA 0x87
0000            191   _PCON1          DATA 0xcd
0000            192   _PFE0CN         DATA 0xc1
0000            193   _PRTDRV         DATA 0xf6
0000            194   _PSCTL          DATA 0x8f
0000            195   _PSTAT0         DATA 0xaa
0000            196   _PSW            DATA 0xd0
0000            197   _REF0CN         DATA 0xd1
0000            198   _REG0CN         DATA 0xc9
0000            199   _REVID          DATA 0xb6
0000            200   _RSTSRC         DATA 0xef
0000            201   _SBCON1         DATA 0x94
0000            202   _SBRLH1         DATA 0x96
0000            203   _SBRLL1         DATA 0x95
0000            204   _SBUF           DATA 0x99
0000            205   _SBUF0          DATA 0x99
0000            206   _SBUF1          DATA 0x92
0000            207   _SCON           DATA 0x98
0000            208   _SCON0          DATA 0x98
0000            209   _SCON1          DATA 0xc8
0000            210   _SFRPAGE        DATA 0xa7
0000            211   _SFRPGCN        DATA 0xbc
0000            212   _SFRSTACK       DATA 0xd7
0000            213   _SMB0ADM        DATA 0xd6
0000            214   _SMB0ADR        DATA 0xd7
0000            215   _SMB0CF         DATA 0xc1
0000            216   _SMB0CN0        DATA 0xc0
0000            217   _SMB0DAT        DATA 0xc2
0000            218   _SMB0FCN0       DATA 0xc3
0000            219   _SMB0FCN1       DATA 0xc4
0000            220   _SMB0FCT        DATA 0xef
0000            221   _SMB0RXLN       DATA 0xc5
0000            222   _SMB0TC         DATA 0xac
0000            223   _SMOD1          DATA 0x93
0000            224   _SP             DATA 0x81
0000            225   _SPI0CFG        DATA 0xa1
0000            226   _SPI0CKR        DATA 0xa2
0000            227   _SPI0CN0        DATA 0xf8
0000            228   _SPI0DAT        DATA 0xa3
0000            229   _SPI0FCN0       DATA 0x9a
0000            230   _SPI0FCN1       DATA 0x9b
0000            231   _SPI0FCT        DATA 0xf7
0000            232   _SPI0PCF        DATA 0xdf
0000            233   _TCON           DATA 0x88
0000            234   _TH0            DATA 0x8c
0000            235   _TH1            DATA 0x8d
0000            236   _TL0            DATA 0x8a
0000            237   _TL1            DATA 0x8b
0000            238   _TMOD           DATA 0x89
0000            239   _TMR2CN0        DATA 0xc8
0000            240   _TMR2CN1        DATA 0xfd
0000            241   _TMR2H          DATA 0xcf
0000            242   _TMR2L          DATA 0xce
0000            243   _TMR2RLH        DATA 0xcb
0000            244   _TMR2RLL        DATA 0xca
0000            245   _TMR3CN0        DATA 0x91
0000            246   _TMR3CN1        DATA 0xfe
0000            247   _TMR3H          DATA 0x95
0000            248   _TMR3L          DATA 0x94
0000            249   _TMR3RLH        DATA 0x93
0000            250   _TMR3RLL        DATA 0x92
0000            251   _TMR4CN0        DATA 0x98
0000            252   _TMR4CN1        DATA 0xff
0000            253   _TMR4H          DATA 0xa5
0000            254   _TMR4L          DATA 0xa4
0000            255   _TMR4RLH        DATA 0xa3
0000            256   _TMR4RLL        DATA 0xa2
0000            257   _TMR5CN0        DATA 0xc0
0000            258   _TMR5CN1        DATA 0xf1
0000            259   _TMR5H          DATA 0xd5
0000            260   _TMR5L          DATA 0xd4
0000            261   _TMR5RLH        DATA 0xd3
0000            262   _TMR5RLL        DATA 0xd2
0000            263   _UART0PCF       DATA 0xd9
0000            264   _UART1FCN0      DATA 0x9d
0000            265   _UART1FCN1      DATA 0xd8
0000            266   _UART1FCT       DATA 0xfa
0000            267   _UART1LIN       DATA 0x9e
0000            268   _UART1PCF       DATA 0xda
0000            269   _VDM0CN         DATA 0xff
0000            270   _WDTCN          DATA 0x97
0000            271   _XBR0           DATA 0xe1
0000            272   _XBR1           DATA 0xe2
0000            273   _XBR2           DATA 0xe3
0000            274   _XOSC0CN        DATA 0x86
0000            275   _DPTR           DATA 0x8382
0000            276   _TMR2RL         DATA 0xcbca
0000            277   _TMR3RL         DATA 0x9392
0000            278   _TMR4RL         DATA 0xa3a2
0000            279   _TMR5RL         DATA 0xd3d2
0000            280   _TMR0           DATA 0x8c8a
0000            281   _TMR1           DATA 0x8d8b
0000            282   _TMR2           DATA 0xcfce
0000            283   _TMR3           DATA 0x9594
0000            284   _TMR4           DATA 0xa5a4
0000            285   _TMR5           DATA 0xd5d4
0000            286   _SBRL1          DATA 0x9695
0000            287   _PCA0           DATA 0xfaf9
0000            288   _PCA0CP0        DATA 0xfcfb
0000            289   _PCA0CP1        DATA 0xeae9
0000            290   _PCA0CP2        DATA 0xeceb
0000            291   _PCA0CP3        DATA 0xf5f4
0000            292   _PCA0CP4        DATA 0x8584
0000            293   _PCA0CP5        DATA 0xdedd
0000            294   _ADC0ASA        DATA 0xb6b5
0000            295   _ADC0GT         DATA 0xc4c3
0000            296   _ADC0           DATA 0xbebd
0000            297   _ADC0LT         DATA 0xc6c5
0000            298   _DAC0           DATA 0x8584
0000            299   _DAC1           DATA 0x8a89
0000            300   _DAC2           DATA 0x8c8b
0000            301   _DAC3           DATA 0x8e8d
0000            302   ;--------------------------------------------------------
0000            303   ; special function bits
0000            304   ;--------------------------------------------------------
0000            305   _ACC_0          BIT 0xe0
0000            306   _ACC_1          BIT 0xe1
0000            307   _ACC_2          BIT 0xe2
0000            308   _ACC_3          BIT 0xe3
0000            309   _ACC_4          BIT 0xe4
0000            310   _ACC_5          BIT 0xe5
0000            311   _ACC_6          BIT 0xe6
0000            312   _ACC_7          BIT 0xe7
0000            313   _TEMPE          BIT 0xe8
0000            314   _ADGN0          BIT 0xe9
0000            315   _ADGN1          BIT 0xea
0000            316   _ADWINT         BIT 0xeb
0000            317   _ADBUSY         BIT 0xec
0000            318   _ADINT          BIT 0xed
0000            319   _IPOEN          BIT 0xee
0000            320   _ADEN           BIT 0xef
0000            321   _B_0            BIT 0xf0
0000            322   _B_1            BIT 0xf1
0000            323   _B_2            BIT 0xf2
0000            324   _B_3            BIT 0xf3
0000            325   _B_4            BIT 0xf4
0000            326   _B_5            BIT 0xf5
0000            327   _B_6            BIT 0xf6
0000            328   _B_7            BIT 0xf7
0000            329   _C0FIF          BIT 0xe8
0000            330   _C0RIF          BIT 0xe9
0000            331   _C1FIF          BIT 0xea
0000            332   _C1RIF          BIT 0xeb
0000            333   _C2FIF          BIT 0xec
0000            334   _C2RIF          BIT 0xed
0000            335   _C3FIF          BIT 0xee
0000            336   _C3RIF          BIT 0xef
0000            337   _D1SRC0         BIT 0x88
0000            338   _D1SRC1         BIT 0x89
0000            339   _D1AMEN         BIT 0x8a
0000            340   _D01REFSL       BIT 0x8b
0000            341   _D3SRC0         BIT 0x8c
0000            342   _D3SRC1         BIT 0x8d
0000            343   _D3AMEN         BIT 0x8e
0000            344   _D23REFSL       BIT 0x8f
0000            345   _D0UDIS         BIT 0x98
0000            346   _D1UDIS         BIT 0x99
0000            347   _D2UDIS         BIT 0x9a
0000            348   _D3UDIS         BIT 0x9b
0000            349   _EX0            BIT 0xa8
0000            350   _ET0            BIT 0xa9
0000            351   _EX1            BIT 0xaa
0000            352   _ET1            BIT 0xab
0000            353   _ES0            BIT 0xac
0000            354   _ET2            BIT 0xad
0000            355   _ESPI0          BIT 0xae
0000            356   _EA             BIT 0xaf
0000            357   _PX0            BIT 0xb8
0000            358   _PT0            BIT 0xb9
0000            359   _PX1            BIT 0xba
0000            360   _PT1            BIT 0xbb
0000            361   _PS0            BIT 0xbc
0000            362   _PT2            BIT 0xbd
0000            363   _PSPI0          BIT 0xbe
0000            364   _P0_0           BIT 0x80
0000            365   _P0_1           BIT 0x81
0000            366   _P0_2           BIT 0x82
0000            367   _P0_3           BIT 0x83
0000            368   _P0_4           BIT 0x84
0000            369   _P0_5           BIT 0x85
0000            370   _P0_6           BIT 0x86
0000            371   _P0_7           BIT 0x87
0000            372   _P1_0           BIT 0x90
0000            373   _P1_1           BIT 0x91
0000            374   _P1_2           BIT 0x92
0000            375   _P1_3           BIT 0x93
0000            376   _P1_4           BIT 0x94
0000            377   _P1_5           BIT 0x95
0000            378   _P1_6           BIT 0x96
0000            379   _P1_7           BIT 0x97
0000            380   _P2_0           BIT 0xa0
0000            381   _P2_1           BIT 0xa1
0000            382   _P2_2           BIT 0xa2
0000            383   _P2_3           BIT 0xa3
0000            384   _P2_4           BIT 0xa4
0000            385   _P2_5           BIT 0xa5
0000            386   _P2_6           BIT 0xa6
0000            387   _P3_0           BIT 0xb0
0000            388   _P3_1           BIT 0xb1
0000            389   _P3_2           BIT 0xb2
0000            390   _P3_3           BIT 0xb3
0000            391   _P3_4           BIT 0xb4
0000            392   _P3_7           BIT 0xb7
0000            393   _CCF0           BIT 0xd8
0000            394   _CCF1           BIT 0xd9
0000            395   _CCF2           BIT 0xda
0000            396   _CCF3           BIT 0xdb
0000            397   _CCF4           BIT 0xdc
0000            398   _CCF5           BIT 0xdd
0000            399   _CR             BIT 0xde
0000            400   _CF             BIT 0xdf
0000            401   _PARITY         BIT 0xd0
0000            402   _F1             BIT 0xd1
0000            403   _OV             BIT 0xd2
0000            404   _RS0            BIT 0xd3
0000            405   _RS1            BIT 0xd4
0000            406   _F0             BIT 0xd5
0000            407   _AC             BIT 0xd6
0000            408   _CY             BIT 0xd7
0000            409   _RI             BIT 0x98
0000            410   _TI             BIT 0x99
0000            411   _RB8            BIT 0x9a
0000            412   _TB8            BIT 0x9b
0000            413   _REN            BIT 0x9c
0000            414   _CE             BIT 0x9d
0000            415   _SMODE          BIT 0x9e
0000            416   _RI1            BIT 0xc8
0000            417   _TI1            BIT 0xc9
0000            418   _RBX1           BIT 0xca
0000            419   _TBX1           BIT 0xcb
0000            420   _REN1           BIT 0xcc
0000            421   _PERR1          BIT 0xcd
0000            422   _OVR1           BIT 0xce
0000            423   _SI             BIT 0xc0
0000            424   _ACK            BIT 0xc1
0000            425   _ARBLOST        BIT 0xc2
0000            426   _ACKRQ          BIT 0xc3
0000            427   _STO            BIT 0xc4
0000            428   _STA            BIT 0xc5
0000            429   _TXMODE         BIT 0xc6
0000            430   _MASTER         BIT 0xc7
0000            431   _SPIEN          BIT 0xf8
0000            432   _TXNF           BIT 0xf9
0000            433   _NSSMD0         BIT 0xfa
0000            434   _NSSMD1         BIT 0xfb
0000            435   _RXOVRN         BIT 0xfc
0000            436   _MODF           BIT 0xfd
0000            437   _WCOL           BIT 0xfe
0000            438   _SPIF           BIT 0xff
0000            439   _IT0            BIT 0x88
0000            440   _IE0            BIT 0x89
0000            441   _IT1            BIT 0x8a
0000            442   _IE1            BIT 0x8b
0000            443   _TR0            BIT 0x8c
0000            444   _TF0            BIT 0x8d
0000            445   _TR1            BIT 0x8e
0000            446   _TF1            BIT 0x8f
0000            447   _T2XCLK0        BIT 0xc8
0000            448   _T2XCLK1        BIT 0xc9
0000            449   _TR2            BIT 0xca
0000            450   _T2SPLIT        BIT 0xcb
0000            451   _TF2CEN         BIT 0xcc
0000            452   _TF2LEN         BIT 0xcd
0000            453   _TF2L           BIT 0xce
0000            454   _TF2H           BIT 0xcf
0000            455   _T4XCLK0        BIT 0x98
0000            456   _T4XCLK1        BIT 0x99
0000            457   _TR4            BIT 0x9a
0000            458   _T4SPLIT        BIT 0x9b
0000            459   _TF4CEN         BIT 0x9c
0000            460   _TF4LEN         BIT 0x9d
0000            461   _TF4L           BIT 0x9e
0000            462   _TF4H           BIT 0x9f
0000            463   _T5XCLK0        BIT 0xc0
0000            464   _T5XCLK1        BIT 0xc1
0000            465   _TR5            BIT 0xc2
0000            466   _T5SPLIT        BIT 0xc3
0000            467   _TF5CEN         BIT 0xc4
0000            468   _TF5LEN         BIT 0xc5
0000            469   _TF5L           BIT 0xc6
0000            470   _TF5H           BIT 0xc7
0000            471   _RIE            BIT 0xd8
0000            472   _RXTO0          BIT 0xd9
0000            473   _RXTO1          BIT 0xda
0000            474   _RFRQ           BIT 0xdb
0000            475   _TIE            BIT 0xdc
0000            476   _TXHOLD         BIT 0xdd
0000            477   _TXNF1          BIT 0xde
0000            478   _TFRQ           BIT 0xdf
0000            479   ;--------------------------------------------------------
0000            480   ; overlayable register banks
0000            481   ;--------------------------------------------------------
0000            482            rbank0 segment data overlay
0000            483   ;--------------------------------------------------------
0000            484   ; internal ram data
0000            485   ;--------------------------------------------------------
0000            486            rseg R_DSEG
0000            487   _pwm_count:
0000            488            ds 1
0001            489   _pwm_count1:
0001            490            ds 1
0002            491   _pwmSig1:
0002            492            ds 2
0004            493   _pwmSig2:
0004            494            ds 2
0006            495   _pwmSig3:
0006            496            ds 2
0008            497   _pwmSig4:
0008            498            ds 2
000A            499   ;--------------------------------------------------------
000A            500   ; overlayable items in internal ram 
000A            501   ;--------------------------------------------------------
0000            502            rseg R_OSEG
0000            503   ;--------------------------------------------------------
0000            504   ; indirectly addressable internal ram data
0000            505   ;--------------------------------------------------------
0000            506            rseg R_ISEG
0000            507   ;--------------------------------------------------------
0000            508   ; absolute internal ram data
0000            509   ;--------------------------------------------------------
0000            510            DSEG
0000            511   ;--------------------------------------------------------
0000            512   ; bit data
0000            513   ;--------------------------------------------------------
0000            514            rseg R_BSEG
0000            515   _Timer2_ISR_sloc0_1_0:
0000            516            DBIT    1
0001            517   ;--------------------------------------------------------
0001            518   ; paged external ram data
0001            519   ;--------------------------------------------------------
0000            520            rseg R_PSEG
0000            521   ;--------------------------------------------------------
0000            522   ; external ram data
0000            523   ;--------------------------------------------------------
0000            524            rseg R_XSEG
0000            525   ;--------------------------------------------------------
0000            526   ; absolute external ram data
0000            527   ;--------------------------------------------------------
0000            528            XSEG
0000            529   ;--------------------------------------------------------
0000            530   ; external initialized ram data
0000            531   ;--------------------------------------------------------
0000            532            rseg R_IXSEG
0000            533            rseg R_HOME
0000            534            rseg R_GSINIT
0000            535            rseg R_CSEG
0000            536   ;--------------------------------------------------------
0000            537   ; Reset entry point and interrupt vectors
0000            538   ;--------------------------------------------------------
0000            539            CSEG at 0x0000
0000 020100     540            ljmp    _crt0
002B            541            CSEG at 0x002b
002B 020100     542            ljmp    _Timer2_ISR
002E            543   ;--------------------------------------------------------
002E            544   ; global & static initialisations
002E            545   ;--------------------------------------------------------
0000            546            rseg R_HOME
0000            547            rseg R_GSINIT
0000            548            rseg R_GSINIT
0000            549   ;--------------------------------------------------------
0000            550   ; data variables initialization
0000            551   ;--------------------------------------------------------
0000            552            rseg R_DINIT
0000            553   ;        C:\Users\allisony\Documents\ElecRobot\square.c:21: volatile unsigned char pwm_count=0;
0000 75B800     554            mov     _pwm_count,#0x00
0003            555   ;        C:\Users\allisony\Documents\ElecRobot\square.c:22: volatile unsigned char pwm_count1=0;
0003 757800     556            mov     _pwm_count1,#0x00
0006            557            ; The linker places a 'ret' at the end of segment R_DINIT.
0006            558   ;--------------------------------------------------------
0006            559   ; code
0006            560   ;--------------------------------------------------------
0000            561            rseg R_CSEG
0000            562   ;------------------------------------------------------------
0000            563   ;Allocation info for local variables in function '_c51_external_startup'
0000            564   ;------------------------------------------------------------
0000            565   ;------------------------------------------------------------
0000            566   ;        C:\Users\allisony\Documents\ElecRobot\square.c:30: char _c51_external_startup (void)
0000            567   ;        -----------------------------------------
0000            568   ;         function _c51_external_startup
0000            569   ;        -----------------------------------------
0000            570   __c51_external_startup:
0000            571            using   0
0000            572   ;        C:\Users\allisony\Documents\ElecRobot\square.c:33: SFRPAGE = 0x00;
0000 75A700     573            mov     _SFRPAGE,#0x00
0003            574   ;        C:\Users\allisony\Documents\ElecRobot\square.c:34: WDTCN = 0xDE; //First key
0003 7597DE     575            mov     _WDTCN,#0xDE
0006            576   ;        C:\Users\allisony\Documents\ElecRobot\square.c:35: WDTCN = 0xAD; //Second key
0006 7597AD     577            mov     _WDTCN,#0xAD
0009            578   ;        C:\Users\allisony\Documents\ElecRobot\square.c:37: VDM0CN=0x80;       // enable VDD monitor
0009 75FF80     579            mov     _VDM0CN,#0x80
000C            580   ;        C:\Users\allisony\Documents\ElecRobot\square.c:38: RSTSRC=0x02|0x04;  // Enable reset on missing clock detector and VDD
000C 75EF06     581            mov     _RSTSRC,#0x06
000F            582   ;        C:\Users\allisony\Documents\ElecRobot\square.c:45: SFRPAGE = 0x10;
000F 75A710     583            mov     _SFRPAGE,#0x10
0012            584   ;        C:\Users\allisony\Documents\ElecRobot\square.c:46: PFE0CN  = 0x20; // SYSCLK < 75 MHz.
0012 75C120     585            mov     _PFE0CN,#0x20
0015            586   ;        C:\Users\allisony\Documents\ElecRobot\square.c:47: SFRPAGE = 0x00;
0015 75A700     587            mov     _SFRPAGE,#0x00
0018            588   ;        C:\Users\allisony\Documents\ElecRobot\square.c:68: CLKSEL = 0x00;
0018 75A900     589            mov     _CLKSEL,#0x00
001B            590   ;        C:\Users\allisony\Documents\ElecRobot\square.c:69: CLKSEL = 0x00;
001B 75A900     591            mov     _CLKSEL,#0x00
001E            592   ;        C:\Users\allisony\Documents\ElecRobot\square.c:70: while ((CLKSEL & 0x80) == 0);
001E            593   L002001?:
001E E5A9       594            mov     a,_CLKSEL
0020 30E758     595            jnb     acc.7,L002001?
0023            596   ;        C:\Users\allisony\Documents\ElecRobot\square.c:71: CLKSEL = 0x03;
0023 75A903     597            mov     _CLKSEL,#0x03
0026            598   ;        C:\Users\allisony\Documents\ElecRobot\square.c:72: CLKSEL = 0x03;
0026 75A903     599            mov     _CLKSEL,#0x03
0029            600   ;        C:\Users\allisony\Documents\ElecRobot\square.c:73: while ((CLKSEL & 0x80) == 0);
0029            601   L002004?:
0029 E5A9       602            mov     a,_CLKSEL
002B 30E7D8     603            jnb     acc.7,L002004?
002E            604   ;        C:\Users\allisony\Documents\ElecRobot\square.c:78: P0MDOUT |= 0x10; // Enable UART0 TX as push-pull output
002E 43A410     605            orl     _P0MDOUT,#0x10
0031            606   ;        C:\Users\allisony\Documents\ElecRobot\square.c:79: XBR0     = 0x01; // Enable UART0 on P0.4(TX) and P0.5(RX)                     
0031 75E101     607            mov     _XBR0,#0x01
0034            608   ;        C:\Users\allisony\Documents\ElecRobot\square.c:80: XBR1     = 0X00;
0034 75E200     609            mov     _XBR1,#0x00
0037            610   ;        C:\Users\allisony\Documents\ElecRobot\square.c:81: XBR2     = 0x40; // Enable crossbar and weak pull-ups
0037 75E340     611            mov     _XBR2,#0x40
003A            612   ;        C:\Users\allisony\Documents\ElecRobot\square.c:87: SCON0 = 0x10;
003A 759810     613            mov     _SCON0,#0x10
003D            614   ;        C:\Users\allisony\Documents\ElecRobot\square.c:88: TH1 = 0x100-((SYSCLK/BAUDRATE)/(2L*12L));
003D 758DE6     615            mov     _TH1,#0xE6
0040            616   ;        C:\Users\allisony\Documents\ElecRobot\square.c:89: TL1 = TH1;      // Init Timer1
0040 858D8B     617            mov     _TL1,_TH1
0043            618   ;        C:\Users\allisony\Documents\ElecRobot\square.c:90: TMOD &= ~0xf0;  // TMOD: timer 1 in 8-bit auto-reload
0043 53890F     619            anl     _TMOD,#0x0F
0046            620   ;        C:\Users\allisony\Documents\ElecRobot\square.c:91: TMOD |=  0x20;                       
0046 438920     621            orl     _TMOD,#0x20
0049            622   ;        C:\Users\allisony\Documents\ElecRobot\square.c:92: TR1 = 1; // START Timer1
0049 D28E       623            setb    _TR1
004B            624   ;        C:\Users\allisony\Documents\ElecRobot\square.c:93: TI = 1;  // Indicate TX0 ready
004B D299       625            setb    _TI
004D            626   ;        C:\Users\allisony\Documents\ElecRobot\square.c:96: TMR2CN0=0x00;   // Stop Timer2; Clear TF2;
004D 75C800     627            mov     _TMR2CN0,#0x00
0050            628   ;        C:\Users\allisony\Documents\ElecRobot\square.c:97: CKCON0|=0b_0001_0000; // Timer 2 uses the system clock
0050 438E10     629            orl     _CKCON0,#0x10
0053            630   ;        C:\Users\allisony\Documents\ElecRobot\square.c:98: TMR2RL=(0x10000L-(SYSCLK/10000L)); // Initialize reload value
0053 75CAE0     631            mov     _TMR2RL,#0xE0
0056 75CBE3     632            mov     (_TMR2RL >> 8),#0xE3
0059            633   ;        C:\Users\allisony\Documents\ElecRobot\square.c:99: TMR2=0xffff;   // Set to reload immediately
0059 75CEFF     634            mov     _TMR2,#0xFF
005C 75CFFF     635            mov     (_TMR2 >> 8),#0xFF
005F            636   ;        C:\Users\allisony\Documents\ElecRobot\square.c:100: ET2=1;         // Enable Timer2 interrupts
005F D2AD       637            setb    _ET2
0061            638   ;        C:\Users\allisony\Documents\ElecRobot\square.c:101: TR2=1;         // Start Timer2 (TMR2CN is bit addressable)
0061 D2CA       639            setb    _TR2
0063            640   ;        C:\Users\allisony\Documents\ElecRobot\square.c:103: EA=1; // Enable interrupts
0063 D2AF       641            setb    _EA
0065            642   ;        C:\Users\allisony\Documents\ElecRobot\square.c:106: return 0;
0065 758200     643            mov     dpl,#0x00
0068 22         644            ret
0069            645   ;------------------------------------------------------------
0069            646   ;Allocation info for local variables in function 'Timer2_ISR'
0069            647   ;------------------------------------------------------------
0069            648   ;------------------------------------------------------------
0069            649   ;        C:\Users\allisony\Documents\ElecRobot\square.c:109: void Timer2_ISR (void) interrupt 5
0069            650   ;        -----------------------------------------
0069            651   ;         function Timer2_ISR
0069            652   ;        -----------------------------------------
0069            653   _Timer2_ISR:
0069 C0E0       654            push    acc
006B C002       655            push    ar2
006D C003       656            push    ar3
006F C0D0       657            push    psw
0071 75D000     658            mov     psw,#0x00
0074            659   ;        C:\Users\allisony\Documents\ElecRobot\square.c:111: TF2H = 0; // Clear Timer2 interrupt flag
0074 C2CF       660            clr     _TF2H
0076            661   ;        C:\Users\allisony\Documents\ElecRobot\square.c:113: pwm_count++;
0076 05B8       662            inc     _pwm_count
0078            663   ;        C:\Users\allisony\Documents\ElecRobot\square.c:114: pwm_count1++;
0078 0578       664            inc     _pwm_count1
007A            665   ;        C:\Users\allisony\Documents\ElecRobot\square.c:115: if(pwm_count>100) {
007A E5B8       666            mov     a,_pwm_count
007C 249B       667            add     a,#0xff - 0x64
007E 5001       668            jnc     L003002?
0080            669   ;        C:\Users\allisony\Documents\ElecRobot\square.c:116: pwm_count=0;
0080 75B800     670            mov     _pwm_count,#0x00
0083            671   L003002?:
0083            672   ;        C:\Users\allisony\Documents\ElecRobot\square.c:119: OUT0=pwm_count>pwmSig1?0:1;
0083 AAB8       673            mov     r2,_pwm_count
0085 7B00       674            mov     r3,#0x00
0087 C3         675            clr     c
0088 E538       676            mov     a,_pwmSig1
008A 9A         677            subb    a,r2
008B E539       678            mov     a,(_pwmSig1 + 1)
008D 9B         679            subb    a,r3
008E 92D8       680            mov  _Timer2_ISR_sloc0_1_0,c
0090 B3         681            cpl     c
0091 92A4       682            mov     _P2_4,c
0093            683   ;        C:\Users\allisony\Documents\ElecRobot\square.c:120: OUT1=pwm_count>pwmSig2?0:1;
0093 AAB8       684            mov     r2,_pwm_count
0095 7B00       685            mov     r3,#0x00
0097 C3         686            clr     c
0098 E5F8       687            mov     a,_pwmSig2
009A 9A         688            subb    a,r2
009B E5F9       689            mov     a,(_pwmSig2 + 1)
009D 9B         690            subb    a,r3
009E 92D8       691            mov  _Timer2_ISR_sloc0_1_0,c
00A0 B3         692            cpl     c
00A1 92A5       693            mov     _P2_5,c
00A3            694   ;        C:\Users\allisony\Documents\ElecRobot\square.c:122: OUT2=pwm_count>pwmSig3?0:1;
00A3 AAB8       695            mov     r2,_pwm_count
00A5 7B00       696            mov     r3,#0x00
00A7 C3         697            clr     c
00A8 E5B8       698            mov     a,_pwmSig3
00AA 9A         699            subb    a,r2
00AB E5B9       700            mov     a,(_pwmSig3 + 1)
00AD 9B         701            subb    a,r3
00AE 92D8       702            mov  _Timer2_ISR_sloc0_1_0,c
00B0 B3         703            cpl     c
00B1 9296       704            mov     _P1_6,c
00B3            705   ;        C:\Users\allisony\Documents\ElecRobot\square.c:123: OUT3=pwm_count>pwmSig4?0:1;
00B3 AAB8       706            mov     r2,_pwm_count
00B5 7B00       707            mov     r3,#0x00
00B7 C3         708            clr     c
00B8 E578       709            mov     a,_pwmSig4
00BA 9A         710            subb    a,r2
00BB E579       711            mov     a,(_pwmSig4 + 1)
00BD 9B         712            subb    a,r3
00BE 92D8       713            mov  _Timer2_ISR_sloc0_1_0,c
00C0 B3         714            cpl     c
00C1 9295       715            mov     _P1_5,c
00C3 D0D0       716            pop     psw
00C5 D003       717            pop     ar3
00C7 D002       718            pop     ar2
00C9 D0E0       719            pop     acc
00CB 32         720            reti
00CC            721   ;        eliminated unneeded push/pop dpl
00CC            722   ;        eliminated unneeded push/pop dph
00CC            723   ;        eliminated unneeded push/pop b
00CC            724   ;------------------------------------------------------------
00CC            725   ;Allocation info for local variables in function 'PWMStraight'
00CC            726   ;------------------------------------------------------------
00CC            727   ;------------------------------------------------------------
00CC            728   ;        C:\Users\allisony\Documents\ElecRobot\square.c:126: void PWMStraight(void) {
00CC            729   ;        -----------------------------------------
00CC            730   ;         function PWMStraight
00CC            731   ;        -----------------------------------------
00CC            732   _PWMStraight:
00CC            733   ;        C:\Users\allisony\Documents\ElecRobot\square.c:127: pwmSig1 = 99;
00CC 753863     734            mov     _pwmSig1,#0x63
00CF E4         735            clr     a
00D0 F539       736            mov     (_pwmSig1 + 1),a
00D2            737   ;        C:\Users\allisony\Documents\ElecRobot\square.c:128: pwmSig2 = 0;
00D2            738   ;        C:\Users\allisony\Documents\ElecRobot\square.c:130: pwmSig3 = 0;
00D2 E4         739            clr     a
00D3 F5F8       740            mov     _pwmSig2,a
00D5 F5F9       741            mov     (_pwmSig2 + 1),a
00D7 F5B8       742            mov     _pwmSig3,a
00D9 F5B9       743            mov     (_pwmSig3 + 1),a
00DB            744   ;        C:\Users\allisony\Documents\ElecRobot\square.c:131: pwmSig4 =99;
00DB 757863     745            mov     _pwmSig4,#0x63
00DE E4         746            clr     a
00DF F579       747            mov     (_pwmSig4 + 1),a
00E1 22         748            ret
00E2            749   ;------------------------------------------------------------
00E2            750   ;Allocation info for local variables in function 'PWMback'
00E2            751   ;------------------------------------------------------------
00E2            752   ;------------------------------------------------------------
00E2            753   ;        C:\Users\allisony\Documents\ElecRobot\square.c:134: void PWMback(void) {
00E2            754   ;        -----------------------------------------
00E2            755   ;         function PWMback
00E2            756   ;        -----------------------------------------
00E2            757   _PWMback:
00E2            758   ;        C:\Users\allisony\Documents\ElecRobot\square.c:135: pwmSig1 = 0;
00E2 E4         759            clr     a
00E3 F538       760            mov     _pwmSig1,a
00E5 F539       761            mov     (_pwmSig1 + 1),a
00E7            762   ;        C:\Users\allisony\Documents\ElecRobot\square.c:136: pwmSig2 = 99;
00E7 75F863     763            mov     _pwmSig2,#0x63
00EA E4         764            clr     a
00EB F5F9       765            mov     (_pwmSig2 + 1),a
00ED            766   ;        C:\Users\allisony\Documents\ElecRobot\square.c:138: pwmSig3 = 99;
00ED 75B863     767            mov     _pwmSig3,#0x63
00F0 E4         768            clr     a
00F1 F5B9       769            mov     (_pwmSig3 + 1),a
00F3            770   ;        C:\Users\allisony\Documents\ElecRobot\square.c:139: pwmSig4 = 0;
00F3 E4         771            clr     a
00F4 F578       772            mov     _pwmSig4,a
00F6 F579       773            mov     (_pwmSig4 + 1),a
00F8 22         774            ret
00F9            775   ;------------------------------------------------------------
00F9            776   ;Allocation info for local variables in function 'PWMLeft'
00F9            777   ;------------------------------------------------------------
00F9            778   ;------------------------------------------------------------
00F9            779   ;        C:\Users\allisony\Documents\ElecRobot\square.c:142: void PWMLeft(void) {
00F9            780   ;        -----------------------------------------
00F9            781   ;         function PWMLeft
00F9            782   ;        -----------------------------------------
00F9            783   _PWMLeft:
00F9            784   ;        C:\Users\allisony\Documents\ElecRobot\square.c:143: pwmSig1 = 0;
00F9            785   ;        C:\Users\allisony\Documents\ElecRobot\square.c:144: pwmSig2 = 0;
00F9 E4         786            clr     a
00FA F538       787            mov     _pwmSig1,a
00FC F539       788            mov     (_pwmSig1 + 1),a
00FE F5F8       789            mov     _pwmSig2,a
0100 F5F9       790            mov     (_pwmSig2 + 1),a
0102            791   ;        C:\Users\allisony\Documents\ElecRobot\square.c:146: pwmSig3 = 90;
0102 75B85A     792            mov     _pwmSig3,#0x5A
0105 E4         793            clr     a
0106 F5B9       794            mov     (_pwmSig3 + 1),a
0108            795   ;        C:\Users\allisony\Documents\ElecRobot\square.c:147: pwmSig4 = 0;
0108 E4         796            clr     a
0109 F578       797            mov     _pwmSig4,a
010B F579       798            mov     (_pwmSig4 + 1),a
010D 22         799            ret
010E            800   ;------------------------------------------------------------
010E            801   ;Allocation info for local variables in function 'PWMRight'
010E            802   ;------------------------------------------------------------
010E            803   ;------------------------------------------------------------
010E            804   ;        C:\Users\allisony\Documents\ElecRobot\square.c:150: void PWMRight(void) {
010E            805   ;        -----------------------------------------
010E            806   ;         function PWMRight
010E            807   ;        -----------------------------------------
010E            808   _PWMRight:
010E            809   ;        C:\Users\allisony\Documents\ElecRobot\square.c:151: pwmSig1 = 99;
010E 753863     810            mov     _pwmSig1,#0x63
0111 E4         811            clr     a
0112 F539       812            mov     (_pwmSig1 + 1),a
0114            813   ;        C:\Users\allisony\Documents\ElecRobot\square.c:152: pwmSig2 = 0;
0114            814   ;        C:\Users\allisony\Documents\ElecRobot\square.c:154: pwmSig3 = 0;
0114            815   ;        C:\Users\allisony\Documents\ElecRobot\square.c:155: pwmSig4 = 0;
0114 E4         816            clr     a
0115 F5F8       817            mov     _pwmSig2,a
0117 F5F9       818            mov     (_pwmSig2 + 1),a
0119 F5B8       819            mov     _pwmSig3,a
011B F5B9       820            mov     (_pwmSig3 + 1),a
011D F578       821            mov     _pwmSig4,a
011F F579       822            mov     (_pwmSig4 + 1),a
0121 22         823            ret
0122            824   ;------------------------------------------------------------
0122            825   ;Allocation info for local variables in function 'main'
0122            826   ;------------------------------------------------------------
0122            827   ;------------------------------------------------------------
0122            828   ;        C:\Users\allisony\Documents\ElecRobot\square.c:159: void main (void)
0122            829   ;        -----------------------------------------
0122            830   ;         function main
0122            831   ;        -----------------------------------------
0122            832   _main:
0122            833   ;        C:\Users\allisony\Documents\ElecRobot\square.c:161: printf("\x1b[2J"); // Clear screen using ANSI escape sequence.
0122 74D8       834            mov     a,#__str_0
0124 C0E0       835            push    acc
0126 74B7       836            mov     a,#(__str_0 >> 8)
0128 C0E0       837            push    acc
012A 7480       838            mov     a,#0x80
012C C0E0       839            push    acc
012E 120100     840            lcall   _printf
0131 1581       841            dec     sp
0133 1581       842            dec     sp
0135 1581       843            dec     sp
0137            844   ;        C:\Users\allisony\Documents\ElecRobot\square.c:163: "Check pins P2.0 and P2.1 with the oscilloscope.\r\n");
0137 7498       845            mov     a,#__str_1
0139 C0E0       846            push    acc
013B 74B8       847            mov     a,#(__str_1 >> 8)
013D C0E0       848            push    acc
013F 7480       849            mov     a,#0x80
0141 C0E0       850            push    acc
0143 120100     851            lcall   _printf
0146 1581       852            dec     sp
0148 1581       853            dec     sp
014A 1581       854            dec     sp
014C            855   ;        C:\Users\allisony\Documents\ElecRobot\square.c:165: while(1)
014C            856   L008002?:
014C            857   ;        C:\Users\allisony\Documents\ElecRobot\square.c:167: PWMRight();
014C 120100     858            lcall   _PWMRight
014F 8001       859            sjmp    L008002?
0151            860            rseg R_CSEG
0151            861   
0000            862            rseg R_XINIT
0000            863   
0000            864            rseg R_CONST
0000            865   __str_0:
0000 1B         866            db 0x1B
0001 5B324A     867            db '[2J'
0004 00         868            db 0x00
0005            869   __str_1:
0005 53717561   870            db 'Square wave generator for the EFM8LB1.'
     72652077
     61766520
     67656E65
     7261746F
     7220666F
     72207468
     65204546
     4D384C42
     312E
002B 0D         871            db 0x0D
002C 0A         872            db 0x0A
002D 43686563   873            db 'Check pins P2.0 and '
     6B207069
     6E732050
     322E3020
     616E6420
0041 50322E31   874            db 'P2.1 with the oscilloscope.'
     20776974
     68207468
     65206F73
     63696C6C
     6F73636F
     70652E
005C 0D         875            db 0x0D
005D 0A         876            db 0x0A
005E 00         877            db 0x00
005F            878   
002E            879            CSEG
002E            880   
002E            881   end
